<?xml version="1.0" encoding="UTF-8"?>
<!-- Generated by org.testng.reporters.JUnitReportReporter -->
<testsuite hostname="DESKTOP-VMLBR8N" failures="0" tests="1" name="testScenario.Login.LoginTest01" time="9.235" errors="0" timestamp="2021-08-16T03:08:50 GMT-07:00" skipped="0">
  <testcase classname="testScenario.Login.LoginTest01" name="checkLogin" time="9.235"/>
  <system-out/>
</testsuite> <!-- testScenario.Login.LoginTest01 -->
