<?xml version="1.0" encoding="UTF-8"?>
<!-- Generated by org.testng.reporters.JUnitReportReporter -->
<testsuite hostname="DESKTOP-VMLBR8N" failures="0" tests="1" name="testScenario.Login.LoginTest04" time="8.566" errors="0" timestamp="2021-08-16T03:08:50 GMT-07:00" skipped="0">
  <testcase classname="testScenario.Login.LoginTest04" name="invalidPassword" time="8.566"/>
  <system-out/>
</testsuite> <!-- testScenario.Login.LoginTest04 -->
