<?xml version="1.0" encoding="UTF-8"?>
<!-- Generated by org.testng.reporters.JUnitReportReporter -->
<testsuite hostname="LAPTOP-VLB28U7D" failures="0" tests="1" name="testPage.MavenPageObject.CompanyTest" time="21.189" errors="0" timestamp="2021-01-31T16:30:22 IST" skipped="0">
  <testcase classname="testPage.MavenPageObject.CompanyTest" name="companyTest" time="21.189"/>
  <system-out/>
</testsuite> <!-- testPage.MavenPageObject.CompanyTest -->
