<?xml version="1.0" encoding="UTF-8"?>
<!-- Generated by org.testng.reporters.JUnitReportReporter -->
<testsuite hostname="LAPTOP-VLB28U7D" failures="0" tests="1" name="testPage.MavenPageObject.InvoiceTest" time="13.673" errors="0" timestamp="2021-01-31T16:30:22 IST" skipped="0">
  <testcase classname="testPage.MavenPageObject.InvoiceTest" name="invoiceTest" time="13.673"/>
  <system-out/>
</testsuite> <!-- testPage.MavenPageObject.InvoiceTest -->
