<?xml version="1.0" encoding="UTF-8"?>
<!-- Generated by org.testng.reporters.JUnitReportReporter -->
<testsuite hostname="DESKTOP-VMLBR8N" failures="0" tests="1" name="testScenario.Login.LoginTest03" time="7.373" errors="0" timestamp="2021-08-16T03:08:50 GMT-07:00" skipped="0">
  <testcase classname="testScenario.Login.LoginTest03" name="checkLoginNonValidUserName" time="7.373"/>
  <system-out/>
</testsuite> <!-- testScenario.Login.LoginTest03 -->
