<?xml version="1.0" encoding="UTF-8"?>
<!-- Generated by org.testng.reporters.JUnitReportReporter -->
<testsuite hostname="LAPTOP-VLB28U7D" failures="0" tests="1" name="testPage.MavenPageObject.ClientTest" time="30.011" errors="0" timestamp="2021-01-31T16:30:22 IST" skipped="0">
  <testcase classname="testPage.MavenPageObject.ClientTest" name="clientTest" time="30.011"/>
  <system-out/>
</testsuite> <!-- testPage.MavenPageObject.ClientTest -->
