<?xml version="1.0" encoding="UTF-8"?>
<!-- Generated by org.testng.reporters.JUnitReportReporter -->
<testsuite hostname="DESKTOP-VMLBR8N" failures="0" tests="1" name="testScenario.Invoice.InvoiceTest01" time="26.774" errors="0" timestamp="2021-08-16T03:08:50 GMT-07:00" skipped="0">
  <testcase classname="testScenario.Invoice.InvoiceTest01" name="invoiceTest" time="26.774"/>
  <system-out/>
</testsuite> <!-- testScenario.Invoice.InvoiceTest01 -->
