<?xml version="1.0" encoding="UTF-8"?>
<!-- Generated by org.testng.reporters.JUnitReportReporter -->
<testsuite hostname="LAPTOP-VLB28U7D" failures="0" tests="1" name="testScenario.Invoice.FileDowload" time="8.774" errors="0" timestamp="2021-02-10T17:30:47 IST" skipped="0">
  <testcase classname="testScenario.Invoice.FileDowload" name="downloadFile" time="8.774"/>
  <system-out/>
</testsuite> <!-- testScenario.Invoice.FileDowload -->
