<?xml version="1.0" encoding="UTF-8"?>
<!-- Generated by org.testng.reporters.JUnitReportReporter -->
<testsuite hostname="DESKTOP-VMLBR8N" failures="0" tests="1" name="autosgDropdown.DatePickerClass" time="22.249" errors="0" timestamp="2021-08-16T03:01:33 GMT-07:00" skipped="0">
  <testcase classname="autosgDropdown.DatePickerClass" name="testDatePicker" time="22.249"/>
  <system-out/>
</testsuite> <!-- autosgDropdown.DatePickerClass -->
